<?xml version="1.0" encoding="UTF-8"?>
<testng-results total="1" passed="1" failed="0" skipped="0">
  <reporter-output>
  </reporter-output>
  <suite started-at="2024-08-16T11:12:39Z" name="Default suite" finished-at="2024-08-16T11:12:39Z" duration-ms="22">
    <groups>
    </groups>
    <test started-at="2024-08-16T11:12:39Z" name="Default test" finished-at="2024-08-16T11:12:39Z" duration-ms="22">
      <class name="io.Selenium">
        <test-method signature="test()[pri:0, instance:io.Selenium@21ba0741]" started-at="2024-08-16T16:42:39Z" name="test" finished-at="2024-08-16T16:42:39Z" duration-ms="11" status="PASS">
          <reporter-output>
          </reporter-output>
        </test-method> <!-- test -->
      </class> <!-- io.Selenium -->
    </test> <!-- Default test -->
  </suite> <!-- Default suite -->
</testng-results>
