<?xml version="1.0" encoding="UTF-8"?>
<!-- Generated by org.testng.reporters.JUnitXMLReporter -->
<testsuite ignored="0" hostname="LIN-5CG2224BSH" failures="1" tests="7" name="Test" time="0.126" errors="0" timestamp="2024-08-25T12:37:39 IST">
  <testcase classname="io.annotations.TestAnno2" name="test" time="0.013"/>
  <testcase classname="io.annotations.TestAnnotations" name="Auto1" time="0.012">
    <failure type="java.lang.AssertionError" message="expected [false] but found [true]">
      <![CDATA[java.lang.AssertionError: expected [false] but found [true]
at io.annotations.TestAnnotations.Auto1(TestAnnotations.java:44)
at java.base/java.util.ArrayList.forEach(ArrayList.java:1597)
... Removed 29 stack frames]]>
    </failure>
  </testcase> <!-- Auto1 -->
  <testcase classname="io.annotations.TestAnnotations" name="Test1" time="0.001"/>
  <testcase classname="io.annotations.TestAnnotations" name="Test2" time="0.002"/>
  <testcase classname="io.annotations.TestAnnotations" name="Test3" time="0.003"/>
  <testcase classname="io.annotations.TestAnnotations" name="Test4" time="0.002"/>
  <testcase classname="io.annotations.TestAnnotations" name="WAuto" time="0.001"/>
</testsuite> <!-- Test -->
