<?xml version="1.0" encoding="UTF-8"?>
<!-- Generated by org.testng.reporters.JUnitXMLReporter -->
<testsuite ignored="1" hostname="LIN-5CG2224BSH" failures="0" tests="13" name="Test" time="0.087" errors="0" timestamp="2024-08-23T10:48:46 IST">
  <testcase classname="io.dependsOn.parameters" name="Datarpovider" time="0.007"/>
  <testcase classname="io.dependsOn.parameters" name="Datarpovider" time="0.001"/>
  <testcase classname="io.dependsOn.parameters" name="Datarpovider" time="0.001"/>
  <testcase classname="io.dependsOn.parameters" name="parameterTest1" time="0.002"/>
  <testcase classname="io.dependsOn.parameters" name="zparameterTest2" time="0.003"/>
  <testcase classname="io.dependsOn.parameters" name="parameterTest2" time="0.001"/>
  <testcase classname="io.dependsOn.parameters" name="aparameterTest3" time="0.001"/>
  <testcase classname="io.dependsOn.DepdensOn" name="B1lastMethod" time="0.001"/>
  <testcase classname="io.dependsOn.DepdensOn" name="BlastMethod" time="0.0"/>
  <testcase classname="io.dependsOn.DepdensOn" name="ClastMethod" time="0.001"/>
  <testcase classname="io.dependsOn.DepdensOn" name="ZlastMethod" time="0.005"/>
  <testcase classname="io.dependsOn.DepdensOn" name="PlastMethod" time="0.002"/>
  <testcase classname="io.dependsOn.DepdensOn" name="para" time="0.001"/>
  <testcase classname="io.dependsOn.DepdensOn" name="Failure" time="0.0">
    <ignored/>
  </testcase> <!-- Failure -->
</testsuite> <!-- Test -->
